<?xml version="1.0" encoding="UTF-8"?>
<testng-results ignored="0" total="5" passed="5" failed="0" skipped="0">
  <reporter-output>
  </reporter-output>
  <suite started-at="2025-09-01T12:13:43 IST" name="DemoBlazeSuite" finished-at="2025-09-01T12:15:05 IST" duration-ms="81519">
    <groups>
    </groups>
    <test started-at="2025-09-01T12:13:43 IST" name="Functional Tests" finished-at="2025-09-01T12:15:05 IST" duration-ms="81519">
      <class name="test.WrongPasswordTest">
        <test-method is-config="true" signature="setUp(java.lang.String,java.lang.reflect.Method)[pri:0, instance:test.WrongPasswordTest@1573f9fc]" started-at="2025-09-01T12:14:29 IST" name="setUp" finished-at="2025-09-01T12:14:30 IST" duration-ms="1152" status="PASS">
          <params>
            <param index="0">
              <value>
                <![CDATA[chrome]]>
              </value>
            </param>
            <param index="1">
              <value>
                <![CDATA[public void test.WrongPasswordTest.loginWithWrongPassword() throws java.lang.InterruptedException]]>
              </value>
            </param>
          </params>
          <reporter-output>
          </reporter-output>
        </test-method> <!-- setUp -->
        <test-method signature="loginWithWrongPassword()[pri:0, instance:test.WrongPasswordTest@1573f9fc]" started-at="2025-09-01T12:14:30 IST" name="loginWithWrongPassword" description="Login with wrong password and close browser" finished-at="2025-09-01T12:14:37 IST" duration-ms="7181" status="PASS">
          <reporter-output>
          </reporter-output>
        </test-method> <!-- loginWithWrongPassword -->
        <test-method is-config="true" signature="tearDown(org.testng.ITestResult)[pri:0, instance:test.WrongPasswordTest@1573f9fc]" started-at="2025-09-01T12:14:37 IST" name="tearDown" finished-at="2025-09-01T12:14:37 IST" duration-ms="0" status="PASS">
          <params>
            <param index="0">
              <value>
                <![CDATA[[TestResult name=loginWithWrongPassword status=SUCCESS method=WrongPasswordTest.loginWithWrongPassword()[pri:0, instance:test.WrongPasswordTest@1573f9fc] output={null}]]]>
              </value>
            </param>
          </params>
          <reporter-output>
          </reporter-output>
        </test-method> <!-- tearDown -->
      </class> <!-- test.WrongPasswordTest -->
      <class name="test.SignupLoginLogoutTest">
        <test-method is-config="true" signature="setUp(java.lang.String,java.lang.reflect.Method)[pri:0, instance:test.SignupLoginLogoutTest@5542c4ed]" started-at="2025-09-01T12:14:00 IST" name="setUp" finished-at="2025-09-01T12:14:01 IST" duration-ms="1139" status="PASS">
          <params>
            <param index="0">
              <value>
                <![CDATA[chrome]]>
              </value>
            </param>
            <param index="1">
              <value>
                <![CDATA[public void test.SignupLoginLogoutTest.signupLoginAndLogout() throws java.lang.InterruptedException]]>
              </value>
            </param>
          </params>
          <reporter-output>
          </reporter-output>
        </test-method> <!-- setUp -->
        <test-method signature="signupLoginAndLogout()[pri:0, instance:test.SignupLoginLogoutTest@5542c4ed]" started-at="2025-09-01T12:14:01 IST" name="signupLoginAndLogout" description="Sign up a unique user, login and then logout (stable - doesn&#039;t require pre-created user)" finished-at="2025-09-01T12:14:28 IST" duration-ms="27007" status="PASS">
          <reporter-output>
          </reporter-output>
        </test-method> <!-- signupLoginAndLogout -->
        <test-method is-config="true" signature="tearDown(org.testng.ITestResult)[pri:0, instance:test.SignupLoginLogoutTest@5542c4ed]" started-at="2025-09-01T12:14:28 IST" name="tearDown" finished-at="2025-09-01T12:14:29 IST" duration-ms="406" status="PASS">
          <params>
            <param index="0">
              <value>
                <![CDATA[[TestResult name=signupLoginAndLogout status=SUCCESS method=SignupLoginLogoutTest.signupLoginAndLogout()[pri:0, instance:test.SignupLoginLogoutTest@5542c4ed] output={null}]]]>
              </value>
            </param>
          </params>
          <reporter-output>
          </reporter-output>
        </test-method> <!-- tearDown -->
      </class> <!-- test.SignupLoginLogoutTest -->
      <class name="test.PlaceOrderTest">
        <test-method is-config="true" signature="setUp(java.lang.String,java.lang.reflect.Method)[pri:0, instance:test.PlaceOrderTest@44c03695]" started-at="2025-09-01T12:14:50 IST" name="setUp" finished-at="2025-09-01T12:14:51 IST" duration-ms="1024" status="PASS">
          <params>
            <param index="0">
              <value>
                <![CDATA[chrome]]>
              </value>
            </param>
            <param index="1">
              <value>
                <![CDATA[public void test.PlaceOrderTest.placeOrderSuccessfully()]]>
              </value>
            </param>
          </params>
          <reporter-output>
          </reporter-output>
        </test-method> <!-- setUp -->
        <test-method signature="placeOrderSuccessfully()[pri:0, instance:test.PlaceOrderTest@44c03695]" started-at="2025-09-01T12:14:51 IST" name="placeOrderSuccessfully" description="Place order and verify confirmation" finished-at="2025-09-01T12:15:03 IST" duration-ms="11282" status="PASS">
          <reporter-output>
          </reporter-output>
        </test-method> <!-- placeOrderSuccessfully -->
        <test-method is-config="true" signature="tearDown(org.testng.ITestResult)[pri:0, instance:test.PlaceOrderTest@44c03695]" started-at="2025-09-01T12:15:03 IST" name="tearDown" finished-at="2025-09-01T12:15:05 IST" duration-ms="1976" status="PASS">
          <params>
            <param index="0">
              <value>
                <![CDATA[[TestResult name=placeOrderSuccessfully status=SUCCESS method=PlaceOrderTest.placeOrderSuccessfully()[pri:0, instance:test.PlaceOrderTest@44c03695] output={null}]]]>
              </value>
            </param>
          </params>
          <reporter-output>
          </reporter-output>
        </test-method> <!-- tearDown -->
      </class> <!-- test.PlaceOrderTest -->
      <class name="test.AddToCartTest">
        <test-method is-config="true" signature="setUp(java.lang.String,java.lang.reflect.Method)[pri:0, instance:test.AddToCartTest@6150c3ec]" started-at="2025-09-01T12:14:37 IST" name="setUp" finished-at="2025-09-01T12:14:38 IST" duration-ms="1193" status="PASS">
          <params>
            <param index="0">
              <value>
                <![CDATA[chrome]]>
              </value>
            </param>
            <param index="1">
              <value>
                <![CDATA[public void test.AddToCartTest.addPhoneAndLaptopToCart()]]>
              </value>
            </param>
          </params>
          <reporter-output>
          </reporter-output>
        </test-method> <!-- setUp -->
        <test-method signature="addPhoneAndLaptopToCart()[pri:0, instance:test.AddToCartTest@6150c3ec]" started-at="2025-09-01T12:14:38 IST" name="addPhoneAndLaptopToCart" description="Add phone and laptop to cart, then verify both exist" finished-at="2025-09-01T12:14:50 IST" duration-ms="11965" status="PASS">
          <reporter-output>
          </reporter-output>
        </test-method> <!-- addPhoneAndLaptopToCart -->
        <test-method is-config="true" signature="tearDown(org.testng.ITestResult)[pri:0, instance:test.AddToCartTest@6150c3ec]" started-at="2025-09-01T12:14:50 IST" name="tearDown" finished-at="2025-09-01T12:14:50 IST" duration-ms="404" status="PASS">
          <params>
            <param index="0">
              <value>
                <![CDATA[[TestResult name=addPhoneAndLaptopToCart status=SUCCESS method=AddToCartTest.addPhoneAndLaptopToCart()[pri:0, instance:test.AddToCartTest@6150c3ec] output={null}]]]>
              </value>
            </param>
          </params>
          <reporter-output>
          </reporter-output>
        </test-method> <!-- tearDown -->
      </class> <!-- test.AddToCartTest -->
      <class name="test.SignupLoginTest">
        <test-method is-config="true" signature="startReport()[pri:0, instance:test.SignupLoginTest@2d1ef81a]" started-at="2025-09-01T12:13:42 IST" name="startReport" finished-at="2025-09-01T12:13:43 IST" duration-ms="866" status="PASS">
          <reporter-output>
          </reporter-output>
        </test-method> <!-- startReport -->
        <test-method is-config="true" signature="setUp(java.lang.String,java.lang.reflect.Method)[pri:0, instance:test.SignupLoginTest@2d1ef81a]" started-at="2025-09-01T12:13:43 IST" name="setUp" finished-at="2025-09-01T12:13:48 IST" duration-ms="4819" status="PASS">
          <params>
            <param index="0">
              <value>
                <![CDATA[chrome]]>
              </value>
            </param>
            <param index="1">
              <value>
                <![CDATA[public void test.SignupLoginTest.signupAndLogin()]]>
              </value>
            </param>
          </params>
          <reporter-output>
          </reporter-output>
        </test-method> <!-- setUp -->
        <test-method signature="signupAndLogin()[pri:0, instance:test.SignupLoginTest@2d1ef81a]" started-at="2025-09-01T12:13:48 IST" name="signupAndLogin" description="Sign up a new user and verify login" finished-at="2025-09-01T12:14:00 IST" duration-ms="11485" status="PASS">
          <reporter-output>
          </reporter-output>
        </test-method> <!-- signupAndLogin -->
        <test-method is-config="true" signature="tearDown(org.testng.ITestResult)[pri:0, instance:test.SignupLoginTest@2d1ef81a]" started-at="2025-09-01T12:14:00 IST" name="tearDown" finished-at="2025-09-01T12:14:00 IST" duration-ms="326" status="PASS">
          <params>
            <param index="0">
              <value>
                <![CDATA[[TestResult name=signupAndLogin status=SUCCESS method=SignupLoginTest.signupAndLogin()[pri:0, instance:test.SignupLoginTest@2d1ef81a] output={null}]]]>
              </value>
            </param>
          </params>
          <reporter-output>
          </reporter-output>
        </test-method> <!-- tearDown -->
        <test-method is-config="true" signature="flushReport()[pri:0, instance:test.SignupLoginTest@2d1ef81a]" started-at="2025-09-01T12:15:05 IST" name="flushReport" finished-at="2025-09-01T12:15:05 IST" duration-ms="595" status="PASS">
          <reporter-output>
          </reporter-output>
        </test-method> <!-- flushReport -->
      </class> <!-- test.SignupLoginTest -->
    </test> <!-- Functional Tests -->
  </suite> <!-- DemoBlazeSuite -->
</testng-results>
