<?xml version="1.0" encoding="UTF-8"?>
<testng-results ignored="0" total="5" passed="5" failed="0" skipped="0">
  <reporter-output>
  </reporter-output>
  <suite started-at="2025-09-01T16:16:03 IST" name="DemoBlazeSuite" finished-at="2025-09-01T16:17:29 IST" duration-ms="85594">
    <groups>
    </groups>
    <test started-at="2025-09-01T16:16:03 IST" name="Functional Tests" finished-at="2025-09-01T16:17:29 IST" duration-ms="85594">
      <class name="test.WrongPasswordTest">
        <test-method is-config="true" signature="setUp(java.lang.String,java.lang.reflect.Method)[pri:0, instance:test.WrongPasswordTest@1573f9fc]" started-at="2025-09-01T16:16:50 IST" name="setUp" finished-at="2025-09-01T16:16:52 IST" duration-ms="1466" status="PASS">
          <params>
            <param index="0">
              <value>
                <![CDATA[edge]]>
              </value>
            </param>
            <param index="1">
              <value>
                <![CDATA[public void test.WrongPasswordTest.loginWithWrongPassword() throws java.lang.InterruptedException]]>
              </value>
            </param>
          </params>
          <reporter-output>
          </reporter-output>
        </test-method> <!-- setUp -->
        <test-method signature="loginWithWrongPassword()[pri:0, instance:test.WrongPasswordTest@1573f9fc]" started-at="2025-09-01T16:16:52 IST" name="loginWithWrongPassword" description="Login with wrong password and close browser" finished-at="2025-09-01T16:16:59 IST" duration-ms="7119" status="PASS">
          <reporter-output>
          </reporter-output>
        </test-method> <!-- loginWithWrongPassword -->
        <test-method is-config="true" signature="tearDown(org.testng.ITestResult)[pri:0, instance:test.WrongPasswordTest@1573f9fc]" started-at="2025-09-01T16:16:59 IST" name="tearDown" finished-at="2025-09-01T16:16:59 IST" duration-ms="3" status="PASS">
          <params>
            <param index="0">
              <value>
                <![CDATA[[TestResult name=loginWithWrongPassword status=SUCCESS method=WrongPasswordTest.loginWithWrongPassword()[pri:0, instance:test.WrongPasswordTest@1573f9fc] output={null}]]]>
              </value>
            </param>
          </params>
          <reporter-output>
          </reporter-output>
        </test-method> <!-- tearDown -->
      </class> <!-- test.WrongPasswordTest -->
      <class name="test.SignupLoginLogoutTest">
        <test-method is-config="true" signature="setUp(java.lang.String,java.lang.reflect.Method)[pri:0, instance:test.SignupLoginLogoutTest@5542c4ed]" started-at="2025-09-01T16:16:19 IST" name="setUp" finished-at="2025-09-01T16:16:20 IST" duration-ms="1287" status="PASS">
          <params>
            <param index="0">
              <value>
                <![CDATA[edge]]>
              </value>
            </param>
            <param index="1">
              <value>
                <![CDATA[public void test.SignupLoginLogoutTest.signupLoginAndLogout() throws java.lang.InterruptedException]]>
              </value>
            </param>
          </params>
          <reporter-output>
          </reporter-output>
        </test-method> <!-- setUp -->
        <test-method signature="signupLoginAndLogout()[pri:0, instance:test.SignupLoginLogoutTest@5542c4ed]" started-at="2025-09-01T16:16:20 IST" name="signupLoginAndLogout" description="Sign up a unique user, login and then logout (stable - doesn&#039;t require pre-created user)" finished-at="2025-09-01T16:16:50 IST" duration-ms="29804" status="PASS">
          <reporter-output>
          </reporter-output>
        </test-method> <!-- signupLoginAndLogout -->
        <test-method is-config="true" signature="tearDown(org.testng.ITestResult)[pri:0, instance:test.SignupLoginLogoutTest@5542c4ed]" started-at="2025-09-01T16:16:50 IST" name="tearDown" finished-at="2025-09-01T16:16:50 IST" duration-ms="443" status="PASS">
          <params>
            <param index="0">
              <value>
                <![CDATA[[TestResult name=signupLoginAndLogout status=SUCCESS method=SignupLoginLogoutTest.signupLoginAndLogout()[pri:0, instance:test.SignupLoginLogoutTest@5542c4ed] output={null}]]]>
              </value>
            </param>
          </params>
          <reporter-output>
          </reporter-output>
        </test-method> <!-- tearDown -->
      </class> <!-- test.SignupLoginLogoutTest -->
      <class name="test.PlaceOrderTest">
        <test-method is-config="true" signature="setUp(java.lang.String,java.lang.reflect.Method)[pri:0, instance:test.PlaceOrderTest@44c03695]" started-at="2025-09-01T16:17:13 IST" name="setUp" finished-at="2025-09-01T16:17:14 IST" duration-ms="1566" status="PASS">
          <params>
            <param index="0">
              <value>
                <![CDATA[edge]]>
              </value>
            </param>
            <param index="1">
              <value>
                <![CDATA[public void test.PlaceOrderTest.placeOrderSuccessfully()]]>
              </value>
            </param>
          </params>
          <reporter-output>
          </reporter-output>
        </test-method> <!-- setUp -->
        <test-method signature="placeOrderSuccessfully()[pri:0, instance:test.PlaceOrderTest@44c03695]" started-at="2025-09-01T16:17:14 IST" name="placeOrderSuccessfully" description="Place order and verify confirmation" finished-at="2025-09-01T16:17:28 IST" duration-ms="13802" status="PASS">
          <reporter-output>
          </reporter-output>
        </test-method> <!-- placeOrderSuccessfully -->
        <test-method is-config="true" signature="tearDown(org.testng.ITestResult)[pri:0, instance:test.PlaceOrderTest@44c03695]" started-at="2025-09-01T16:17:28 IST" name="tearDown" finished-at="2025-09-01T16:17:29 IST" duration-ms="667" status="PASS">
          <params>
            <param index="0">
              <value>
                <![CDATA[[TestResult name=placeOrderSuccessfully status=SUCCESS method=PlaceOrderTest.placeOrderSuccessfully()[pri:0, instance:test.PlaceOrderTest@44c03695] output={null}]]]>
              </value>
            </param>
          </params>
          <reporter-output>
          </reporter-output>
        </test-method> <!-- tearDown -->
      </class> <!-- test.PlaceOrderTest -->
      <class name="test.AddToCartTest">
        <test-method is-config="true" signature="setUp(java.lang.String,java.lang.reflect.Method)[pri:0, instance:test.AddToCartTest@6150c3ec]" started-at="2025-09-01T16:16:59 IST" name="setUp" finished-at="2025-09-01T16:17:01 IST" duration-ms="1827" status="PASS">
          <params>
            <param index="0">
              <value>
                <![CDATA[edge]]>
              </value>
            </param>
            <param index="1">
              <value>
                <![CDATA[public void test.AddToCartTest.addPhoneAndLaptopToCart()]]>
              </value>
            </param>
          </params>
          <reporter-output>
          </reporter-output>
        </test-method> <!-- setUp -->
        <test-method signature="addPhoneAndLaptopToCart()[pri:0, instance:test.AddToCartTest@6150c3ec]" started-at="2025-09-01T16:17:01 IST" name="addPhoneAndLaptopToCart" description="Add phone and laptop to cart, then verify both exist" finished-at="2025-09-01T16:17:12 IST" duration-ms="11536" status="PASS">
          <reporter-output>
          </reporter-output>
        </test-method> <!-- addPhoneAndLaptopToCart -->
        <test-method is-config="true" signature="tearDown(org.testng.ITestResult)[pri:0, instance:test.AddToCartTest@6150c3ec]" started-at="2025-09-01T16:17:12 IST" name="tearDown" finished-at="2025-09-01T16:17:13 IST" duration-ms="519" status="PASS">
          <params>
            <param index="0">
              <value>
                <![CDATA[[TestResult name=addPhoneAndLaptopToCart status=SUCCESS method=AddToCartTest.addPhoneAndLaptopToCart()[pri:0, instance:test.AddToCartTest@6150c3ec] output={null}]]]>
              </value>
            </param>
          </params>
          <reporter-output>
          </reporter-output>
        </test-method> <!-- tearDown -->
      </class> <!-- test.AddToCartTest -->
      <class name="test.SignupLoginTest">
        <test-method is-config="true" signature="startReport()[pri:0, instance:test.SignupLoginTest@2d1ef81a]" started-at="2025-09-01T16:16:03 IST" name="startReport" finished-at="2025-09-01T16:16:03 IST" duration-ms="463" status="PASS">
          <reporter-output>
          </reporter-output>
        </test-method> <!-- startReport -->
        <test-method is-config="true" signature="setUp(java.lang.String,java.lang.reflect.Method)[pri:0, instance:test.SignupLoginTest@2d1ef81a]" started-at="2025-09-01T16:16:03 IST" name="setUp" finished-at="2025-09-01T16:16:07 IST" duration-ms="3345" status="PASS">
          <params>
            <param index="0">
              <value>
                <![CDATA[edge]]>
              </value>
            </param>
            <param index="1">
              <value>
                <![CDATA[public void test.SignupLoginTest.signupAndLogin()]]>
              </value>
            </param>
          </params>
          <reporter-output>
          </reporter-output>
        </test-method> <!-- setUp -->
        <test-method signature="signupAndLogin()[pri:0, instance:test.SignupLoginTest@2d1ef81a]" started-at="2025-09-01T16:16:07 IST" name="signupAndLogin" description="Sign up a new user and verify login" finished-at="2025-09-01T16:16:18 IST" duration-ms="11393" status="PASS">
          <reporter-output>
          </reporter-output>
        </test-method> <!-- signupAndLogin -->
        <test-method is-config="true" signature="tearDown(org.testng.ITestResult)[pri:0, instance:test.SignupLoginTest@2d1ef81a]" started-at="2025-09-01T16:16:18 IST" name="tearDown" finished-at="2025-09-01T16:16:19 IST" duration-ms="672" status="PASS">
          <params>
            <param index="0">
              <value>
                <![CDATA[[TestResult name=signupAndLogin status=SUCCESS method=SignupLoginTest.signupAndLogin()[pri:0, instance:test.SignupLoginTest@2d1ef81a] output={null}]]]>
              </value>
            </param>
          </params>
          <reporter-output>
          </reporter-output>
        </test-method> <!-- tearDown -->
        <test-method is-config="true" signature="flushReport()[pri:0, instance:test.SignupLoginTest@2d1ef81a]" started-at="2025-09-01T16:17:29 IST" name="flushReport" finished-at="2025-09-01T16:17:30 IST" duration-ms="1024" status="PASS">
          <reporter-output>
          </reporter-output>
        </test-method> <!-- flushReport -->
      </class> <!-- test.SignupLoginTest -->
    </test> <!-- Functional Tests -->
  </suite> <!-- DemoBlazeSuite -->
</testng-results>
