<?xml version="1.0" encoding="UTF-8"?>
<testng-results ignored="0" total="5" passed="5" failed="0" skipped="0">
  <reporter-output>
  </reporter-output>
  <suite started-at="2025-09-04T15:07:29 IST" name="DemoBlazeSuite" finished-at="2025-09-04T15:09:16 IST" duration-ms="106099">
    <groups>
    </groups>
    <test started-at="2025-09-04T15:07:29 IST" name="Functional Tests" finished-at="2025-09-04T15:09:16 IST" duration-ms="106099">
      <class name="test.WrongPasswordTest">
        <test-method is-config="true" signature="setUp(java.lang.String,java.lang.reflect.Method)[pri:0, instance:test.WrongPasswordTest@1573f9fc]" started-at="2025-09-04T15:08:19 IST" name="setUp" finished-at="2025-09-04T15:08:23 IST" duration-ms="4300" status="PASS">
          <params>
            <param index="0">
              <value>
                <![CDATA[firefox]]>
              </value>
            </param>
            <param index="1">
              <value>
                <![CDATA[public void test.WrongPasswordTest.loginWithWrongPassword() throws java.lang.InterruptedException]]>
              </value>
            </param>
          </params>
          <reporter-output>
          </reporter-output>
        </test-method> <!-- setUp -->
        <test-method signature="loginWithWrongPassword()[pri:0, instance:test.WrongPasswordTest@1573f9fc]" started-at="2025-09-04T15:08:23 IST" name="loginWithWrongPassword" description="Login with wrong password and close browser" finished-at="2025-09-04T15:08:31 IST" duration-ms="7522" status="PASS">
          <reporter-output>
          </reporter-output>
        </test-method> <!-- loginWithWrongPassword -->
        <test-method is-config="true" signature="tearDown(org.testng.ITestResult)[pri:0, instance:test.WrongPasswordTest@1573f9fc]" started-at="2025-09-04T15:08:31 IST" name="tearDown" finished-at="2025-09-04T15:08:31 IST" duration-ms="1" status="PASS">
          <params>
            <param index="0">
              <value>
                <![CDATA[[TestResult name=loginWithWrongPassword status=SUCCESS method=WrongPasswordTest.loginWithWrongPassword()[pri:0, instance:test.WrongPasswordTest@1573f9fc] output={null}]]]>
              </value>
            </param>
          </params>
          <reporter-output>
          </reporter-output>
        </test-method> <!-- tearDown -->
      </class> <!-- test.WrongPasswordTest -->
      <class name="test.SignupLoginLogoutTest">
        <test-method is-config="true" signature="setUp(java.lang.String,java.lang.reflect.Method)[pri:0, instance:test.SignupLoginLogoutTest@5542c4ed]" started-at="2025-09-04T15:07:47 IST" name="setUp" finished-at="2025-09-04T15:07:51 IST" duration-ms="4404" status="PASS">
          <params>
            <param index="0">
              <value>
                <![CDATA[firefox]]>
              </value>
            </param>
            <param index="1">
              <value>
                <![CDATA[public void test.SignupLoginLogoutTest.signupLoginAndLogout() throws java.lang.InterruptedException]]>
              </value>
            </param>
          </params>
          <reporter-output>
          </reporter-output>
        </test-method> <!-- setUp -->
        <test-method signature="signupLoginAndLogout()[pri:0, instance:test.SignupLoginLogoutTest@5542c4ed]" started-at="2025-09-04T15:07:51 IST" name="signupLoginAndLogout" description="Sign up a unique user, login and then logout (stable - doesn&#039;t require pre-created user)" finished-at="2025-09-04T15:08:18 IST" duration-ms="26086" status="PASS">
          <reporter-output>
          </reporter-output>
        </test-method> <!-- signupLoginAndLogout -->
        <test-method is-config="true" signature="tearDown(org.testng.ITestResult)[pri:0, instance:test.SignupLoginLogoutTest@5542c4ed]" started-at="2025-09-04T15:08:18 IST" name="tearDown" finished-at="2025-09-04T15:08:19 IST" duration-ms="1563" status="PASS">
          <params>
            <param index="0">
              <value>
                <![CDATA[[TestResult name=signupLoginAndLogout status=SUCCESS method=SignupLoginLogoutTest.signupLoginAndLogout()[pri:0, instance:test.SignupLoginLogoutTest@5542c4ed] output={null}]]]>
              </value>
            </param>
          </params>
          <reporter-output>
          </reporter-output>
        </test-method> <!-- tearDown -->
      </class> <!-- test.SignupLoginLogoutTest -->
      <class name="test.PlaceOrderTest">
        <test-method is-config="true" signature="setUp(java.lang.String,java.lang.reflect.Method)[pri:0, instance:test.PlaceOrderTest@44c03695]" started-at="2025-09-04T15:08:47 IST" name="setUp" finished-at="2025-09-04T15:08:53 IST" duration-ms="5430" status="PASS">
          <params>
            <param index="0">
              <value>
                <![CDATA[firefox]]>
              </value>
            </param>
            <param index="1">
              <value>
                <![CDATA[public void test.PlaceOrderTest.placeOrderSuccessfully()]]>
              </value>
            </param>
          </params>
          <reporter-output>
          </reporter-output>
        </test-method> <!-- setUp -->
        <test-method signature="placeOrderSuccessfully()[pri:0, instance:test.PlaceOrderTest@44c03695]" started-at="2025-09-04T15:08:53 IST" name="placeOrderSuccessfully" description="Place order and verify confirmation" finished-at="2025-09-04T15:09:14 IST" duration-ms="21305" status="PASS">
          <reporter-output>
          </reporter-output>
        </test-method> <!-- placeOrderSuccessfully -->
        <test-method is-config="true" signature="tearDown(org.testng.ITestResult)[pri:0, instance:test.PlaceOrderTest@44c03695]" started-at="2025-09-04T15:09:14 IST" name="tearDown" finished-at="2025-09-04T15:09:16 IST" duration-ms="1521" status="PASS">
          <params>
            <param index="0">
              <value>
                <![CDATA[[TestResult name=placeOrderSuccessfully status=SUCCESS method=PlaceOrderTest.placeOrderSuccessfully()[pri:0, instance:test.PlaceOrderTest@44c03695] output={null}]]]>
              </value>
            </param>
          </params>
          <reporter-output>
          </reporter-output>
        </test-method> <!-- tearDown -->
      </class> <!-- test.PlaceOrderTest -->
      <class name="test.AddToCartTest">
        <test-method is-config="true" signature="setUp(java.lang.String,java.lang.reflect.Method)[pri:0, instance:test.AddToCartTest@6150c3ec]" started-at="2025-09-04T15:08:31 IST" name="setUp" finished-at="2025-09-04T15:08:35 IST" duration-ms="4304" status="PASS">
          <params>
            <param index="0">
              <value>
                <![CDATA[firefox]]>
              </value>
            </param>
            <param index="1">
              <value>
                <![CDATA[public void test.AddToCartTest.addPhoneAndLaptopToCart()]]>
              </value>
            </param>
          </params>
          <reporter-output>
          </reporter-output>
        </test-method> <!-- setUp -->
        <test-method signature="addPhoneAndLaptopToCart()[pri:0, instance:test.AddToCartTest@6150c3ec]" started-at="2025-09-04T15:08:35 IST" name="addPhoneAndLaptopToCart" description="Add phone and laptop to cart, then verify both exist" finished-at="2025-09-04T15:08:46 IST" duration-ms="10722" status="PASS">
          <reporter-output>
          </reporter-output>
        </test-method> <!-- addPhoneAndLaptopToCart -->
        <test-method is-config="true" signature="tearDown(org.testng.ITestResult)[pri:0, instance:test.AddToCartTest@6150c3ec]" started-at="2025-09-04T15:08:46 IST" name="tearDown" finished-at="2025-09-04T15:08:47 IST" duration-ms="1293" status="PASS">
          <params>
            <param index="0">
              <value>
                <![CDATA[[TestResult name=addPhoneAndLaptopToCart status=SUCCESS method=AddToCartTest.addPhoneAndLaptopToCart()[pri:0, instance:test.AddToCartTest@6150c3ec] output={null}]]]>
              </value>
            </param>
          </params>
          <reporter-output>
          </reporter-output>
        </test-method> <!-- tearDown -->
      </class> <!-- test.AddToCartTest -->
      <class name="test.SignupLoginTest">
        <test-method is-config="true" signature="startReport()[pri:0, instance:test.SignupLoginTest@2d1ef81a]" started-at="2025-09-04T15:07:29 IST" name="startReport" finished-at="2025-09-04T15:07:29 IST" duration-ms="492" status="PASS">
          <reporter-output>
          </reporter-output>
        </test-method> <!-- startReport -->
        <test-method is-config="true" signature="setUp(java.lang.String,java.lang.reflect.Method)[pri:0, instance:test.SignupLoginTest@2d1ef81a]" started-at="2025-09-04T15:07:29 IST" name="setUp" finished-at="2025-09-04T15:07:36 IST" duration-ms="6373" status="PASS">
          <params>
            <param index="0">
              <value>
                <![CDATA[firefox]]>
              </value>
            </param>
            <param index="1">
              <value>
                <![CDATA[public void test.SignupLoginTest.signupAndLogin()]]>
              </value>
            </param>
          </params>
          <reporter-output>
          </reporter-output>
        </test-method> <!-- setUp -->
        <test-method signature="signupAndLogin()[pri:0, instance:test.SignupLoginTest@2d1ef81a]" started-at="2025-09-04T15:07:36 IST" name="signupAndLogin" description="Sign up a new user and verify login" finished-at="2025-09-04T15:07:46 IST" duration-ms="9836" status="PASS">
          <reporter-output>
          </reporter-output>
        </test-method> <!-- signupAndLogin -->
        <test-method is-config="true" signature="tearDown(org.testng.ITestResult)[pri:0, instance:test.SignupLoginTest@2d1ef81a]" started-at="2025-09-04T15:07:46 IST" name="tearDown" finished-at="2025-09-04T15:07:47 IST" duration-ms="1348" status="PASS">
          <params>
            <param index="0">
              <value>
                <![CDATA[[TestResult name=signupAndLogin status=SUCCESS method=SignupLoginTest.signupAndLogin()[pri:0, instance:test.SignupLoginTest@2d1ef81a] output={null}]]]>
              </value>
            </param>
          </params>
          <reporter-output>
          </reporter-output>
        </test-method> <!-- tearDown -->
        <test-method is-config="true" signature="flushReport()[pri:0, instance:test.SignupLoginTest@2d1ef81a]" started-at="2025-09-04T15:09:16 IST" name="flushReport" finished-at="2025-09-04T15:09:16 IST" duration-ms="562" status="PASS">
          <reporter-output>
          </reporter-output>
        </test-method> <!-- flushReport -->
      </class> <!-- test.SignupLoginTest -->
    </test> <!-- Functional Tests -->
  </suite> <!-- DemoBlazeSuite -->
</testng-results>
