<?xml version="1.0" encoding="UTF-8"?>
<!-- Generated by org.testng.reporters.JUnitXMLReporter -->
<testsuite ignored="8" hostname="LAPTOP-1SFV9PNA" failures="0" tests="5" name="Functional Tests" time="84.349" errors="0" timestamp="2025-09-01T08:59:57 IST">
  <testcase classname="test.SignupLoginTest" name="signupAndLogin" time="11.82"/>
  <testcase classname="test.SignupLoginLogoutTest" name="signupLoginAndLogout" time="27.287"/>
  <testcase classname="test.WrongPasswordTest" name="loginWithWrongPassword" time="6.515"/>
  <testcase classname="test.AddToCartTest" name="addPhoneAndLaptopToCart" time="14.479"/>
  <testcase classname="test.PlaceOrderTest" name="placeOrderSuccessfully" time="12.04"/>
  <testcase classname="test.BaseTest" name="@AfterSuite flushReport" time="0.0">
    <ignored/>
  </testcase> <!-- @AfterSuite flushReport -->
  <testcase classname="test.BaseTest" name="@AfterSuite flushReport" time="0.0">
    <ignored/>
  </testcase> <!-- @AfterSuite flushReport -->
  <testcase classname="test.BaseTest" name="@BeforeSuite startReport" time="0.0">
    <ignored/>
  </testcase> <!-- @BeforeSuite startReport -->
  <testcase classname="test.BaseTest" name="@BeforeSuite startReport" time="0.0">
    <ignored/>
  </testcase> <!-- @BeforeSuite startReport -->
  <testcase classname="test.BaseTest" name="@BeforeSuite startReport" time="0.0">
    <ignored/>
  </testcase> <!-- @BeforeSuite startReport -->
  <testcase classname="test.BaseTest" name="@AfterSuite flushReport" time="0.0">
    <ignored/>
  </testcase> <!-- @AfterSuite flushReport -->
  <testcase classname="test.BaseTest" name="@BeforeSuite startReport" time="0.0">
    <ignored/>
  </testcase> <!-- @BeforeSuite startReport -->
  <testcase classname="test.BaseTest" name="@AfterSuite flushReport" time="0.0">
    <ignored/>
  </testcase> <!-- @AfterSuite flushReport -->
</testsuite> <!-- Functional Tests -->
