<?xml version="1.0" encoding="UTF-8"?>
<!-- Generated by org.testng.reporters.JUnitXMLReporter -->
<testsuite ignored="18" hostname="LAPTOP-1SFV9PNA" failures="0" tests="10" name="Functional Tests" time="158.333" errors="0" timestamp="2025-09-06T12:12:28 IST">
  <testcase classname="test.SignupLoginTest" name="signupAndLogin" time="10.574"/>
  <testcase classname="test.SignupLoginLogoutTest" name="signupLoginAndLogout" time="38.248"/>
  <testcase classname="test.EmptyLoginValidationTest" name="loginWithEmptyFieldsShowsAlert" time="2.695"/>
  <testcase classname="test.WrongPasswordTest" name="loginWithWrongPassword" time="6.145"/>
  <testcase classname="test.ProductDetailsTest" name="productTitlePriceAndDescriptionAreVisible" time="8.264"/>
  <testcase classname="test.AddToCartTest" name="addPhoneAndLaptopToCart" time="14.299"/>
  <testcase classname="test.DeleteSpecificItemTest" name="deletingOneItemKeepsOtherAndUpdatesTotal" time="22.895"/>
  <testcase classname="test.CartPersistenceOnRefreshTest" name="cartItemsPersistAfterRefresh" time="11.757"/>
  <testcase classname="test.PlaceOrderTest" name="placeOrderSuccessfully" time="15.708"/>
  <testcase classname="test.CheckoutNegativeTest" name="purchaseWithMissingFieldsShowsValidation" time="9.461"/>
  <testcase classname="test.BaseTest" name="@BeforeSuite startReport" time="0.0">
    <ignored/>
  </testcase> <!-- @BeforeSuite startReport -->
  <testcase classname="test.BaseTest" name="@AfterSuite flushReport" time="0.0">
    <ignored/>
  </testcase> <!-- @AfterSuite flushReport -->
  <testcase classname="test.BaseTest" name="@AfterSuite flushReport" time="0.0">
    <ignored/>
  </testcase> <!-- @AfterSuite flushReport -->
  <testcase classname="test.BaseTest" name="@AfterSuite flushReport" time="0.0">
    <ignored/>
  </testcase> <!-- @AfterSuite flushReport -->
  <testcase classname="test.BaseTest" name="@BeforeSuite startReport" time="0.0">
    <ignored/>
  </testcase> <!-- @BeforeSuite startReport -->
  <testcase classname="test.BaseTest" name="@AfterSuite flushReport" time="0.0">
    <ignored/>
  </testcase> <!-- @AfterSuite flushReport -->
  <testcase classname="test.BaseTest" name="@AfterSuite flushReport" time="0.0">
    <ignored/>
  </testcase> <!-- @AfterSuite flushReport -->
  <testcase classname="test.BaseTest" name="@AfterSuite flushReport" time="0.0">
    <ignored/>
  </testcase> <!-- @AfterSuite flushReport -->
  <testcase classname="test.BaseTest" name="@BeforeSuite startReport" time="0.0">
    <ignored/>
  </testcase> <!-- @BeforeSuite startReport -->
  <testcase classname="test.BaseTest" name="@BeforeSuite startReport" time="0.0">
    <ignored/>
  </testcase> <!-- @BeforeSuite startReport -->
  <testcase classname="test.BaseTest" name="@AfterSuite flushReport" time="0.0">
    <ignored/>
  </testcase> <!-- @AfterSuite flushReport -->
  <testcase classname="test.BaseTest" name="@BeforeSuite startReport" time="0.0">
    <ignored/>
  </testcase> <!-- @BeforeSuite startReport -->
  <testcase classname="test.BaseTest" name="@BeforeSuite startReport" time="0.0">
    <ignored/>
  </testcase> <!-- @BeforeSuite startReport -->
  <testcase classname="test.BaseTest" name="@BeforeSuite startReport" time="0.0">
    <ignored/>
  </testcase> <!-- @BeforeSuite startReport -->
  <testcase classname="test.BaseTest" name="@BeforeSuite startReport" time="0.0">
    <ignored/>
  </testcase> <!-- @BeforeSuite startReport -->
  <testcase classname="test.BaseTest" name="@BeforeSuite startReport" time="0.0">
    <ignored/>
  </testcase> <!-- @BeforeSuite startReport -->
  <testcase classname="test.BaseTest" name="@AfterSuite flushReport" time="0.0">
    <ignored/>
  </testcase> <!-- @AfterSuite flushReport -->
  <testcase classname="test.BaseTest" name="@AfterSuite flushReport" time="0.0">
    <ignored/>
  </testcase> <!-- @AfterSuite flushReport -->
</testsuite> <!-- Functional Tests -->
