<?xml version="1.0" encoding="UTF-8"?>
<!-- Generated by org.testng.reporters.JUnitXMLReporter -->
<testsuite ignored="8" hostname="LAPTOP-1SFV9PNA" failures="0" tests="5" name="Functional Tests" time="106.099" errors="0" timestamp="2025-09-04T15:09:16 IST">
  <testcase classname="test.SignupLoginTest" name="signupAndLogin" time="9.836"/>
  <testcase classname="test.SignupLoginLogoutTest" name="signupLoginAndLogout" time="26.086"/>
  <testcase classname="test.WrongPasswordTest" name="loginWithWrongPassword" time="7.522"/>
  <testcase classname="test.AddToCartTest" name="addPhoneAndLaptopToCart" time="10.722"/>
  <testcase classname="test.PlaceOrderTest" name="placeOrderSuccessfully" time="21.305"/>
  <testcase classname="test.BaseTest" name="@BeforeSuite startReport" time="0.0">
    <ignored/>
  </testcase> <!-- @BeforeSuite startReport -->
  <testcase classname="test.BaseTest" name="@AfterSuite flushReport" time="0.0">
    <ignored/>
  </testcase> <!-- @AfterSuite flushReport -->
  <testcase classname="test.BaseTest" name="@AfterSuite flushReport" time="0.0">
    <ignored/>
  </testcase> <!-- @AfterSuite flushReport -->
  <testcase classname="test.BaseTest" name="@BeforeSuite startReport" time="0.0">
    <ignored/>
  </testcase> <!-- @BeforeSuite startReport -->
  <testcase classname="test.BaseTest" name="@BeforeSuite startReport" time="0.0">
    <ignored/>
  </testcase> <!-- @BeforeSuite startReport -->
  <testcase classname="test.BaseTest" name="@BeforeSuite startReport" time="0.0">
    <ignored/>
  </testcase> <!-- @BeforeSuite startReport -->
  <testcase classname="test.BaseTest" name="@AfterSuite flushReport" time="0.0">
    <ignored/>
  </testcase> <!-- @AfterSuite flushReport -->
  <testcase classname="test.BaseTest" name="@AfterSuite flushReport" time="0.0">
    <ignored/>
  </testcase> <!-- @AfterSuite flushReport -->
</testsuite> <!-- Functional Tests -->
